d:\carteidcpp-master\carteidcpp-master\carteidcpp\carteidcpp\debug\vc141.pdb
d:\carteidcpp-master\carteidcpp-master\carteidcpp\carteidcpp\debug\vc141.idb
d:\carteidcpp-master\carteidcpp-master\carteidcpp\carteidcpp\debug\carteid.obj
d:\carteidcpp-master\carteidcpp-master\carteidcpp\carteidcpp\debug\main.obj
c:\users\briot\source\repos\carteidcpp\debug\carteidcpp.exe
c:\users\briot\source\repos\carteidcpp\debug\carteidcpp.ilk
c:\users\briot\source\repos\carteidcpp\debug\carteidcpp.pdb
d:\carteidcpp-master\carteidcpp-master\carteidcpp\debug\carteidcpp.pdb
d:\carteidcpp-master\carteidcpp-master\carteidcpp\carteidcpp\debug\carteidcpp.tlog\cl.command.1.tlog
d:\carteidcpp-master\carteidcpp-master\carteidcpp\carteidcpp\debug\carteidcpp.tlog\cl.read.1.tlog
d:\carteidcpp-master\carteidcpp-master\carteidcpp\carteidcpp\debug\carteidcpp.tlog\cl.write.1.tlog
d:\carteidcpp-master\carteidcpp-master\carteidcpp\carteidcpp\debug\carteidcpp.tlog\link-cvtres.read.1.tlog
d:\carteidcpp-master\carteidcpp-master\carteidcpp\carteidcpp\debug\carteidcpp.tlog\link-cvtres.write.1.tlog
d:\carteidcpp-master\carteidcpp-master\carteidcpp\carteidcpp\debug\carteidcpp.tlog\link-rc.read.1.tlog
d:\carteidcpp-master\carteidcpp-master\carteidcpp\carteidcpp\debug\carteidcpp.tlog\link-rc.write.1.tlog
d:\carteidcpp-master\carteidcpp-master\carteidcpp\carteidcpp\debug\carteidcpp.tlog\link.14256-cvtres.read.1.tlog
d:\carteidcpp-master\carteidcpp-master\carteidcpp\carteidcpp\debug\carteidcpp.tlog\link.14256-cvtres.write.1.tlog
d:\carteidcpp-master\carteidcpp-master\carteidcpp\carteidcpp\debug\carteidcpp.tlog\link.14256-rc.read.1.tlog
d:\carteidcpp-master\carteidcpp-master\carteidcpp\carteidcpp\debug\carteidcpp.tlog\link.14256-rc.write.1.tlog
d:\carteidcpp-master\carteidcpp-master\carteidcpp\carteidcpp\debug\carteidcpp.tlog\link.14256.read.1.tlog
d:\carteidcpp-master\carteidcpp-master\carteidcpp\carteidcpp\debug\carteidcpp.tlog\link.14256.write.1.tlog
d:\carteidcpp-master\carteidcpp-master\carteidcpp\carteidcpp\debug\carteidcpp.tlog\link.command.1.tlog
d:\carteidcpp-master\carteidcpp-master\carteidcpp\carteidcpp\debug\carteidcpp.tlog\link.read.1.tlog
d:\carteidcpp-master\carteidcpp-master\carteidcpp\carteidcpp\debug\carteidcpp.tlog\link.write.1.tlog
